<?xml version="1.0" encoding="UTF-8"?>
<!-- Generated by org.testng.reporters.JUnitReportReporter -->
<testsuite hostname="DESKTOP-ULGVJBE" failures="0" tests="2" name="com.testng.annotations.SimpleAnnotations" time="0.041" errors="0" timestamp="2021-10-19T12:23:20 IST" skipped="0">
  <testcase classname="com.testng.annotations.SimpleAnnotations" name="searchMobile" time="0.018"/>
  <testcase classname="com.testng.annotations.SimpleAnnotations" name="searchLaptop" time="0.023"/>
</testsuite> <!-- com.testng.annotations.SimpleAnnotations -->
