<?xml version="1.0" encoding="UTF-8"?>
<!-- Generated by org.testng.reporters.JUnitReportReporter -->
<testsuite hostname="DESKTOP-ULGVJBE" failures="0" tests="1" name="com.testng.annotations.ExceptionTest" time="0.032" errors="0" timestamp="2021-10-19T13:11:56 IST" skipped="0">
  <testcase classname="com.testng.annotations.ExceptionTest" name="test" time="0.032"/>
</testsuite> <!-- com.testng.annotations.ExceptionTest -->
