<?xml version="1.0" encoding="UTF-8"?>
<!-- Generated by org.testng.reporters.JUnitReportReporter -->
<testsuite hostname="DESKTOP-ULGVJBE" failures="0" tests="4" name="com.testng.annotations.PriorityTest" time="0.104" errors="0" timestamp="2021-10-19T12:58:55 IST" skipped="0">
  <testcase classname="com.testng.annotations.PriorityTest" name="searchMobile" time="0.065"/>
  <testcase classname="com.testng.annotations.PriorityTest" name="searchLaptop" time="0.009"/>
  <testcase classname="com.testng.annotations.PriorityTest" name="searchWatch" time="0.014"/>
  <testcase classname="com.testng.annotations.PriorityTest" name="searchAirpods" time="0.016"/>
</testsuite> <!-- com.testng.annotations.PriorityTest -->
