<?xml version="1.0" encoding="UTF-8"?>
<!-- Generated by org.testng.reporters.JUnitReportReporter -->
<testsuite hostname="DESKTOP-ULGVJBE" failures="0" tests="4" name="com.testng.annotations.GroupTest" time="0.074" errors="0" timestamp="2021-10-19T13:26:49 IST" skipped="0">
  <testcase classname="com.testng.annotations.GroupTest" name="selenium2" time="0.015"/>
  <testcase classname="com.testng.annotations.GroupTest" name="api1" time="0.032"/>
  <testcase classname="com.testng.annotations.GroupTest" name="api2" time="0.010"/>
  <testcase classname="com.testng.annotations.GroupTest" name="selenium1" time="0.017"/>
</testsuite> <!-- com.testng.annotations.GroupTest -->
