<?xml version="1.0" encoding="UTF-8"?>
<!-- Generated by org.testng.reporters.JUnitReportReporter -->
<testsuite hostname="DESKTOP-ULGVJBE" failures="0" tests="1" name="com.testng.annotations.ParameterisedTest" time="0.032" errors="0" timestamp="2021-10-30T11:37:56 IST" skipped="0">
  <testcase classname="com.testng.annotations.ParameterisedTest" name="logIn" time="0.032"/>
</testsuite> <!-- com.testng.annotations.ParameterisedTest -->
