<?xml version="1.0" encoding="UTF-8"?>
<!-- Generated by org.testng.reporters.JUnitReportReporter -->
<testsuite hostname="DESKTOP-ULGVJBE" failures="0" tests="3" name="com.testng.annotations.DataProviderTest" time="0.072" errors="0" timestamp="2021-10-30T12:53:03 IST" skipped="0">
  <testcase classname="com.testng.annotations.DataProviderTest" name="logIn" time="0.008"/>
  <testcase classname="com.testng.annotations.DataProviderTest" name="logIn" time="0.005"/>
  <testcase classname="com.testng.annotations.DataProviderTest" name="logIn" time="0.059"/>
</testsuite> <!-- com.testng.annotations.DataProviderTest -->
