<?xml version="1.0" encoding="UTF-8"?>
<!-- Generated by org.testng.reporters.JUnitReportReporter -->
<testsuite hostname="DESKTOP-ULGVJBE" failures="0" tests="4" name="com.testng.annotations.IgnoreTest" time="0.100" errors="0" timestamp="2021-10-30T19:52:00 IST" skipped="2">
  <testcase classname="com.testng.annotations.IgnoreTest" name="searchLaptop" time="0.084"/>
  <testcase classname="com.testng.annotations.IgnoreTest" name="searchMobile" time="0.016"/>
  <testcase classname="com.testng.annotations.IgnoreTest" name="searchWatch">
    <skipped/>
  </testcase> <!-- searchWatch -->
  <testcase classname="com.testng.annotations.IgnoreTest" name="searchFruits">
    <skipped/>
  </testcase> <!-- searchFruits -->
</testsuite> <!-- com.testng.annotations.IgnoreTest -->
