<?xml version="1.0" encoding="UTF-8"?>
<!-- Generated by org.testng.reporters.JUnitReportReporter -->
<testsuite hostname="DESKTOP-ULGVJBE" failures="0" tests="2" name="com.testng.annotations.TimeOutTest" time="2.556" errors="0" timestamp="2021-10-29T21:00:14 IST" skipped="0">
  <testcase classname="com.testng.annotations.TimeOutTest" name="searchTv" time="2.044"/>
  <testcase classname="com.testng.annotations.TimeOutTest" name="searchWatch" time="0.512"/>
</testsuite> <!-- com.testng.annotations.TimeOutTest -->
