<?xml version="1.0" encoding="UTF-8"?>
<!-- Generated by org.testng.reporters.JUnitReportReporter -->
<testsuite hostname="DESKTOP-ULGVJBE" failures="0" tests="10" name="com.testng.annotations.InnvocationTest" time="0.139" errors="0" timestamp="2021-10-19T13:06:39 IST" skipped="0">
  <testcase classname="com.testng.annotations.InnvocationTest" name="searchFruits" time="0.009"/>
  <testcase classname="com.testng.annotations.InnvocationTest" name="searchFruits" time="0.012"/>
  <testcase classname="com.testng.annotations.InnvocationTest" name="searchLaptop" time="0.020"/>
  <testcase classname="com.testng.annotations.InnvocationTest" name="searchMoile" time="0.006"/>
  <testcase classname="com.testng.annotations.InnvocationTest" name="searchFruits" time="0.007"/>
  <testcase classname="com.testng.annotations.InnvocationTest" name="searchMoile" time="0.020"/>
  <testcase classname="com.testng.annotations.InnvocationTest" name="searchFruits" time="0.003"/>
  <testcase classname="com.testng.annotations.InnvocationTest" name="searchMoile" time="0.002"/>
  <testcase classname="com.testng.annotations.InnvocationTest" name="searchFruits" time="0.057"/>
  <testcase classname="com.testng.annotations.InnvocationTest" name="searchLaptop" time="0.003"/>
</testsuite> <!-- com.testng.annotations.InnvocationTest -->
